<?xml version="1.0" encoding="UTF-8"?>
<robot generator="Robot 7.2.2 (Python 3.13.2 on win32)" generated="2025-04-03T15:42:15.076943" rpa="false" schemaversion="5">
<suite id="s1" name="miniProject" source="C:\QA_Projects\Robot_web\miniProject.robot">
<test id="s1-t1" name="Fill Form" line="39">
<kw name="Open Browser" owner="SeleniumLibrary">
<msg time="2025-04-03T15:42:15.211514" level="INFO">Opening browser 'chrome' to base url 'https://testautomationpractice.blogspot.com/'.</msg>
<arg>https://testautomationpractice.blogspot.com/</arg>
<arg>chrome</arg>
<doc>Opens a new browser instance to the optional ``url``.</doc>
<status status="PASS" start="2025-04-03T15:42:15.211357" elapsed="2.451300"/>
</kw>
<kw name="Input Text" owner="SeleniumLibrary">
<msg time="2025-04-03T15:42:17.663162" level="INFO">Typing text 'Noesis Academy' into text field 'xpath=//input[@id="name"]'.</msg>
<arg>xpath=//input[@id="name"]</arg>
<arg>Noesis Academy</arg>
<doc>Types the given ``text`` into the text field identified by ``locator``.</doc>
<status status="PASS" start="2025-04-03T15:42:17.662929" elapsed="0.083566"/>
</kw>
<kw name="Input Text" owner="SeleniumLibrary">
<msg time="2025-04-03T15:42:17.746840" level="INFO">Typing text 'Noesis@Academy.pt' into text field 'xpath=//input[@id="email"]'.</msg>
<arg>xpath=//input[@id="email"]</arg>
<arg>Noesis@Academy.pt</arg>
<doc>Types the given ``text`` into the text field identified by ``locator``.</doc>
<status status="PASS" start="2025-04-03T15:42:17.746703" elapsed="0.057681"/>
</kw>
<kw name="Input Text" owner="SeleniumLibrary">
<msg time="2025-04-03T15:42:17.804730" level="INFO">Typing text '911111111' into text field 'xpath=//input[@id="phone"]'.</msg>
<arg>xpath=//input[@id="phone"]</arg>
<arg>911111111</arg>
<doc>Types the given ``text`` into the text field identified by ``locator``.</doc>
<status status="PASS" start="2025-04-03T15:42:17.804589" elapsed="0.068136"/>
</kw>
<kw name="Input Text" owner="SeleniumLibrary">
<msg time="2025-04-03T15:42:17.873086" level="INFO">Typing text 'AVENIDA MARCOS PORTUGAL' into text field 'xpath=//textarea[@id="textarea"]'.</msg>
<arg>xpath=//textarea[@id="textarea"]</arg>
<arg>AVENIDA MARCOS PORTUGAL</arg>
<doc>Types the given ``text`` into the text field identified by ``locator``.</doc>
<status status="PASS" start="2025-04-03T15:42:17.872940" elapsed="0.066002"/>
</kw>
<kw name="Select Radio Button" owner="SeleniumLibrary">
<msg time="2025-04-03T15:42:17.939242" level="INFO">Selecting 'female' from radio button 'gender'.</msg>
<arg>gender</arg>
<arg>female</arg>
<doc>Sets the radio button group ``group_name`` to ``value``.</doc>
<status status="PASS" start="2025-04-03T15:42:17.939137" elapsed="0.050550"/>
</kw>
<kw name="Select Checkbox" owner="SeleniumLibrary">
<msg time="2025-04-03T15:42:17.990007" level="INFO">Selecting checkbox '//input[@id="sunday"]'.</msg>
<arg>//input[@id="sunday"]</arg>
<doc>Selects the checkbox identified by ``locator``.</doc>
<status status="PASS" start="2025-04-03T15:42:17.989881" elapsed="0.077299"/>
</kw>
<kw name="Select Checkbox" owner="SeleniumLibrary">
<msg time="2025-04-03T15:42:18.067504" level="INFO">Selecting checkbox '//input[@id="saturday"]'.</msg>
<arg>//input[@id="saturday"]</arg>
<doc>Selects the checkbox identified by ``locator``.</doc>
<status status="PASS" start="2025-04-03T15:42:18.067375" elapsed="0.056800"/>
</kw>
<kw name="Select From List By Value" owner="SeleniumLibrary">
<msg time="2025-04-03T15:42:18.124779" level="INFO">Selecting options from selection list '//select[@id="country"]' by value canada.</msg>
<arg>//select[@id="country"]</arg>
<arg>canada</arg>
<doc>Selects options from selection list ``locator`` by ``values``.</doc>
<status status="PASS" start="2025-04-03T15:42:18.124589" elapsed="0.049493"/>
</kw>
<kw name="Select From List By Index" owner="SeleniumLibrary">
<msg time="2025-04-03T15:42:18.174544" level="INFO">Selecting options from selection list '//select[@id="colors"]' by indexes 2, 3.</msg>
<arg>//select[@id="colors"]</arg>
<arg>2</arg>
<arg>3</arg>
<doc>Selects options from selection list ``locator`` by ``indexes``.</doc>
<status status="PASS" start="2025-04-03T15:42:18.174407" elapsed="0.102421"/>
</kw>
<kw name="Select From List By Label" owner="SeleniumLibrary">
<msg time="2025-04-03T15:42:18.277186" level="INFO">Selecting options from selection list '//select[@id="animals"]' by labels Deer, Elephant.</msg>
<arg>//select[@id="animals"]</arg>
<arg>Deer</arg>
<arg>Elephant</arg>
<doc>Selects options from selection list ``locator`` by ``labels``.</doc>
<status status="PASS" start="2025-04-03T15:42:18.277051" elapsed="0.066276"/>
</kw>
<kw name="Input Text" owner="SeleniumLibrary">
<msg time="2025-04-03T15:42:18.343733" level="INFO">Typing text '02/04/2025' into text field '//input[@id="datepicker"]'.</msg>
<arg>//input[@id="datepicker"]</arg>
<arg>02/04/2025</arg>
<doc>Types the given ``text`` into the text field identified by ``locator``.</doc>
<status status="PASS" start="2025-04-03T15:42:18.343602" elapsed="0.102699"/>
</kw>
<kw name="Click Element" owner="SeleniumLibrary">
<msg time="2025-04-03T15:42:18.446624" level="INFO">Clicking element '//input[@name="SelectedDate"]'.</msg>
<arg>//input[@name="SelectedDate"]</arg>
<doc>Click the element identified by ``locator``.</doc>
<status status="PASS" start="2025-04-03T15:42:18.446494" elapsed="0.064658"/>
</kw>
<kw name="Select From List By Value" owner="SeleniumLibrary">
<msg time="2025-04-03T15:42:18.511593" level="INFO">Selecting options from selection list '//select[@data-handler="selectMonth"]' by value 5.</msg>
<arg>//select[@data-handler="selectMonth"]</arg>
<arg>5</arg>
<doc>Selects options from selection list ``locator`` by ``values``.</doc>
<status status="PASS" start="2025-04-03T15:42:18.511448" elapsed="0.045061"/>
</kw>
<kw name="Select From List By Value" owner="SeleniumLibrary">
<msg time="2025-04-03T15:42:18.556810" level="INFO">Selecting options from selection list '//select[@data-handler="selectYear"]' by value 2015.</msg>
<arg>//select[@data-handler="selectYear"]</arg>
<arg>2015</arg>
<doc>Selects options from selection list ``locator`` by ``values``.</doc>
<status status="PASS" start="2025-04-03T15:42:18.556685" elapsed="0.045175"/>
</kw>
<kw name="Click Element" owner="SeleniumLibrary">
<msg time="2025-04-03T15:42:18.602147" level="INFO">Clicking element '//a[@data-date="30"]'.</msg>
<arg>//a[@data-date="30"]</arg>
<doc>Click the element identified by ``locator``.</doc>
<status status="PASS" start="2025-04-03T15:42:18.602032" elapsed="0.048267"/>
</kw>
<kw name="Input Text" owner="SeleniumLibrary">
<msg time="2025-04-03T15:42:18.650629" level="INFO">Typing text '03/12/2020' into text field '//input[@id="start-date"]'.</msg>
<arg>//input[@id="start-date"]</arg>
<arg>03/12/2020</arg>
<doc>Types the given ``text`` into the text field identified by ``locator``.</doc>
<status status="PASS" start="2025-04-03T15:42:18.650495" elapsed="0.047259"/>
</kw>
<kw name="Input Text" owner="SeleniumLibrary">
<msg time="2025-04-03T15:42:18.698178" level="INFO">Typing text '03/22/2020' into text field '//input[@id="end-date"]'.</msg>
<arg>//input[@id="end-date"]</arg>
<arg>03/22/2020</arg>
<doc>Types the given ``text`` into the text field identified by ``locator``.</doc>
<status status="PASS" start="2025-04-03T15:42:18.698057" elapsed="0.056594"/>
</kw>
<kw name="Click Button" owner="SeleniumLibrary">
<msg time="2025-04-03T15:42:18.754949" level="INFO">Clicking button '//button[@class="submit-btn"]'.</msg>
<arg>//button[@class="submit-btn"]</arg>
<doc>Clicks the button identified by ``locator``.</doc>
<status status="PASS" start="2025-04-03T15:42:18.754830" elapsed="0.075154"/>
</kw>
<kw name="Get Text" owner="SeleniumLibrary">
<msg time="2025-04-03T15:42:18.850655" level="INFO">${result} = You selected a range of 7304546 days.</msg>
<var>${result}</var>
<arg>//div[@id="result"]</arg>
<doc>Returns the text value of the element identified by ``locator``.</doc>
<status status="PASS" start="2025-04-03T15:42:18.830299" elapsed="0.020395"/>
</kw>
<kw name="Validate Difference Between Dates">
<kw name="Convert Date" owner="DateTime">
<msg time="2025-04-03T15:42:18.853131" level="INFO">${start} = 2020-03-12</msg>
<var>${start}</var>
<arg>${start_date}</arg>
<arg>result_format=%Y-%m-%d</arg>
<doc>Converts between supported `date formats`.</doc>
<status status="PASS" start="2025-04-03T15:42:18.851317" elapsed="0.001839"/>
</kw>
<kw name="Convert Date" owner="DateTime">
<msg time="2025-04-03T15:42:18.853415" level="INFO">${end} = 2020-03-22</msg>
<var>${end}</var>
<arg>${end_date}</arg>
<arg>result_format=%Y-%m-%d</arg>
<doc>Converts between supported `date formats`.</doc>
<status status="PASS" start="2025-04-03T15:42:18.853251" elapsed="0.000180"/>
</kw>
<kw name="Subtract Date From Date" owner="DateTime">
<msg time="2025-04-03T15:42:18.853610" level="INFO">${diff} = 864000.0</msg>
<var>${diff}</var>
<arg>${end}</arg>
<arg>${start}</arg>
<doc>Subtracts date from another date and returns time between.</doc>
<status status="PASS" start="2025-04-03T15:42:18.853489" elapsed="0.000137"/>
</kw>
<kw name="Evaluate" owner="BuiltIn">
<msg time="2025-04-03T15:42:18.853794" level="INFO">${num} = 10.0</msg>
<var>${num}</var>
<arg>${diff}/ 86400</arg>
<doc>Evaluates the given expression in Python and returns the result.</doc>
<status status="PASS" start="2025-04-03T15:42:18.853686" elapsed="0.000122"/>
</kw>
<kw name="Convert To Integer" owner="BuiltIn">
<msg time="2025-04-03T15:42:18.853943" level="INFO">${num} = 10</msg>
<var>${num}</var>
<arg>${num}</arg>
<doc>Converts the given item to an integer number.</doc>
<status status="PASS" start="2025-04-03T15:42:18.853860" elapsed="0.000097"/>
</kw>
<kw name="Convert To String" owner="BuiltIn">
<msg time="2025-04-03T15:42:18.854226" level="INFO">${num} = 10</msg>
<var>${num}</var>
<arg>${num}</arg>
<doc>Converts the given item to a Unicode string.</doc>
<status status="PASS" start="2025-04-03T15:42:18.854070" elapsed="0.000176"/>
</kw>
<return>
<value>${num}</value>
<status status="PASS" start="2025-04-03T15:42:18.854288" elapsed="0.000061"/>
</return>
<msg time="2025-04-03T15:42:18.854526" level="INFO">${num_dias} = 10</msg>
<var>${num_dias}</var>
<arg>2020/03/12</arg>
<arg>2020/03/22</arg>
<status status="PASS" start="2025-04-03T15:42:18.851092" elapsed="0.003454"/>
</kw>
<kw name="Should Contain" owner="BuiltIn">
<msg time="2025-04-03T15:42:18.854947" level="FAIL">'You selected a range of 7304546 days.' does not contain '10'</msg>
<arg>${result}</arg>
<arg>${num_dias}</arg>
<doc>Fails if ``container`` does not contain ``item`` one or more times.</doc>
<status status="FAIL" start="2025-04-03T15:42:18.854736" elapsed="0.000355">'You selected a range of 7304546 days.' does not contain '10'</status>
</kw>
<kw name="Get Current Date" owner="DateTime">
<var>${TODAY}</var>
<arg>result_format=%m/%d/%Y</arg>
<doc>Returns current local or UTC time with an optional increment.</doc>
<status status="NOT RUN" start="2025-04-03T15:42:18.855269" elapsed="0.000022"/>
</kw>
<kw name="Choose File" owner="SeleniumLibrary">
<arg>//input[@id="singleFileInput"]</arg>
<arg>${EXECDIR}\\Solidario.png</arg>
<doc>Inputs the ``file_path`` into the file input field ``locator``.</doc>
<status status="NOT RUN" start="2025-04-03T15:42:18.855410" elapsed="0.000020"/>
</kw>
<tag>form</tag>
<status status="FAIL" start="2025-04-03T15:42:15.210736" elapsed="3.644824">'You selected a range of 7304546 days.' does not contain '10'</status>
</test>
<test id="s1-t2" name="Add a product to the basket" line="78">
<kw name="Open App">
<kw name="Open Browser" owner="SeleniumLibrary">
<msg time="2025-04-03T15:42:18.856477" level="INFO">Opening browser 'chrome' to base url 'https://www.saucedemo.com/'.</msg>
<arg>https://www.saucedemo.com/</arg>
<arg>chrome</arg>
<arg>options=add_argument("--start-maximized")</arg>
<doc>Opens a new browser instance to the optional ``url``.</doc>
<status status="PASS" start="2025-04-03T15:42:18.856380" elapsed="1.529872"/>
</kw>
<kw name="Input Text" owner="SeleniumLibrary">
<msg time="2025-04-03T15:42:20.386525" level="INFO">Typing text 'standard_user' into text field 'xpath://input[@data-test="username"]'.</msg>
<arg>xpath://input[@data-test="username"]</arg>
<arg>${login}</arg>
<doc>Types the given ``text`` into the text field identified by ``locator``.</doc>
<status status="PASS" start="2025-04-03T15:42:20.386375" elapsed="0.086328"/>
</kw>
<kw name="Input Text" owner="SeleniumLibrary">
<msg time="2025-04-03T15:42:20.472974" level="INFO">Typing text 'secret_sauce' into text field 'xpath://input[@data-test="password"]'.</msg>
<arg>xpath://input[@data-test="password"]</arg>
<arg>${password}</arg>
<doc>Types the given ``text`` into the text field identified by ``locator``.</doc>
<status status="PASS" start="2025-04-03T15:42:20.472822" elapsed="0.051860"/>
</kw>
<kw name="Click Button" owner="SeleniumLibrary">
<msg time="2025-04-03T15:42:20.524917" level="INFO">Clicking button 'xpath://input[@id="login-button"]'.</msg>
<arg>xpath://input[@id="login-button"]</arg>
<doc>Clicks the button identified by ``locator``.</doc>
<status status="PASS" start="2025-04-03T15:42:20.524799" elapsed="0.087241"/>
</kw>
<kw name="Sleep" owner="BuiltIn">
<msg time="2025-04-03T15:42:25.612546" level="INFO">Slept 5 seconds.</msg>
<arg>5</arg>
<doc>Pauses the test executed for the given time.</doc>
<status status="PASS" start="2025-04-03T15:42:20.612157" elapsed="5.000492"/>
</kw>
<kw name="Page Should Contain Element" owner="SeleniumLibrary">
<msg time="2025-04-03T15:42:25.651059" level="WARN">Keyword 'Capture Page Screenshot' could not be run on failure: Message: invalid session id
Stacktrace:
	GetHandleVerifier [0x00007FF67F174C25+3179557]
	(No symbol) [0x00007FF67EDD88A0]
	(No symbol) [0x00007FF67EC68FFC]
	(No symbol) [0x00007FF67ECAF8DF]
	(No symbol) [0x00007FF67ECE7AF2]
	(No symbol) [0x00007FF67ECE244E]
	(No symbol) [0x00007FF67ECE14F9]
	(No symbol) [0x00007FF67EC355E5]
	GetHandleVerifier [0x00007FF67F1D67CD+3579853]
	GetHandleVerifier [0x00007FF67F1ED1D2+3672530]
	GetHandleVerifier [0x00007FF67F1E2153+3627347]
	GetHandleVerifier [0x00007FF67EF4092A+868650]
	(No symbol) [0x00007FF67EDE2FFF]
	(No symbol) [0x00007FF67EC341FF]
	GetHandleVerifier [0x00007FF67F25FA28+4141608]
	BaseThreadInitThunk [0x00007FFA8782E8D7+23]
	RtlUserThreadStart [0x00007FFA88C3BF6C+44]
</msg>
<msg time="2025-04-03T15:42:25.651474" level="FAIL">InvalidSessionIdException: Message: invalid session id: session deleted as the browser has closed the connection
from disconnected: not connected to DevTools
  (Session info: chrome=134.0.6998.178)
Stacktrace:
	GetHandleVerifier [0x00007FF67F174C25+3179557]
	(No symbol) [0x00007FF67EDD88A0]
	(No symbol) [0x00007FF67EC691CA]
	(No symbol) [0x00007FF67EC54F85]
	(No symbol) [0x00007FF67EC79F94]
	(No symbol) [0x00007FF67ECEF9DF]
	(No symbol) [0x00007FF67ED0FBE2]
	(No symbol) [0x00007FF67ECE7A03]
	(No symbol) [0x00007FF67ECB06D0]
	(No symbol) [0x00007FF67ECB1983]
	GetHandleVerifier [0x00007FF67F1D67CD+3579853]
	GetHandleVerifier [0x00007FF67F1ED1D2+3672530]
	GetHandleVerifier [0x00007FF67F1E2153+3627347]
	GetHandleVerifier [0x00007FF67EF4092A+868650]
	(No symbol) [0x00007FF67EDE2FFF]
	(No symbol) [0x00007FF67EDDF4A4]
	(No symbol) [0x00007FF67EDDF646]
	(No symbol) [0x00007FF67EDCEAA9]
	BaseThreadInitThunk [0x00007FFA8782E8D7+23]
	RtlUserThreadStart [0x00007FFA88C3BF6C+44]
</msg>
<arg>//div[text()="Swag Labs"]</arg>
<doc>Verifies that element ``locator`` is found on the current page.</doc>
<status status="FAIL" start="2025-04-03T15:42:25.612808" elapsed="0.055961">InvalidSessionIdException: Message: invalid session id: session deleted as the browser has closed the connection
from disconnected: not connected to DevTools
  (Session info: chrome=134.0.6998.178)
Stacktrace:
	GetHandleVerifier [0x00007FF67F174C25+3179557]
	(No symbol) [0x00007FF67EDD88A0]
	(No symbol) [0x00007FF67EC691CA]
	(No symbol) [0x00007FF67EC54F85]
	(No symbol) [0x00007FF67EC79F94]
	(No symbol) [0x00007FF67ECEF9DF]
	(No symbol) [0x00007FF67ED0FBE2]
	(No symbol) [0x00007FF67ECE7A03]
	(No symbol) [0x00007FF67ECB06D0]
	(No symbol) [0x00007FF67ECB1983]
	GetHandleVerifier [0x00007FF67F1D67CD+3579853]
	GetHandleVerifier [0x00007FF67F1ED1D2+3672530]
	GetHandleVerifier [0x00007FF67F1E2153+3627347]
	GetHandleVerifier [0x00007FF67EF4092A+868650]
	(No symbol) [0x00007FF67EDE2FFF]
	(No symbol) [0x00007FF67EDDF4A4]
	(No symbol) [0x00007FF67EDDF646]
	(No symbol) [0x00007FF67EDCEAA9]
	BaseThreadInitThunk [0x00007FFA8782E8D7+23]
	RtlUserThreadStart [0x00007FFA88C3BF6C+44]
</status>
</kw>
<kw name="Capture Page Screenshot" owner="SeleniumLibrary">
<doc>Takes a screenshot of the current page and embeds it into a log file.</doc>
<status status="NOT RUN" start="2025-04-03T15:42:25.668952" elapsed="0.000023"/>
</kw>
<status status="FAIL" start="2025-04-03T15:42:18.856239" elapsed="6.812815">InvalidSessionIdException: Message: invalid session id: session deleted as the browser has closed the connection
from disconnected: not connected to DevTools
  (Session info: chrome=134.0.6998.178)
Stacktrace:
	GetHandleVerifier [0x00007FF67F174C25+3179557]
	(No symbol) [0x00007FF67EDD88A0]
	(No symbol) [0x00007FF67EC691CA]
	(No symbol) [0x00007FF67EC54F85]
	(No symbol) [0x00007FF67EC79F94]
	(No symbol) [0x00007FF67ECEF9DF]
	(No symbol) [0x00007FF67ED0FBE2]
	(No symbol) [0x00007FF67ECE7A03]
	(No symbol) [0x00007FF67ECB06D0]
	(No symbol) [0x00007FF67ECB1983]
	GetHandleVerifier [0x00007FF67F1D67CD+3579853]
	GetHandleVerifier [0x00007FF67F1ED1D2+3672530]
	GetHandleVerifier [0x00007FF67F1E2153+3627347]
	GetHandleVerifier [0x00007FF67EF4092A+868650]
	(No symbol) [0x00007FF67EDE2FFF]
	(No symbol) [0x00007FF67EDDF4A4]
	(No symbol) [0x00007FF67EDDF646]
	(No symbol) [0x00007FF67EDCEAA9]
	BaseThreadInitThunk [0x00007FFA8782E8D7+23]
	RtlUserThreadStart [0x00007FFA88C3BF6C+44]
</status>
</kw>
<kw name="Click Button" owner="SeleniumLibrary">
<arg>//button[@id="add-to-cart-sauce-labs-backpack"]</arg>
<doc>Clicks the button identified by ``locator``.</doc>
<status status="NOT RUN" start="2025-04-03T15:42:25.669212" elapsed="0.000023"/>
</kw>
<kw name="Click Link" owner="SeleniumLibrary">
<arg>//a[@data-test="shopping-cart-link"]</arg>
<doc>Clicks a link identified by ``locator``.</doc>
<status status="NOT RUN" start="2025-04-03T15:42:25.669329" elapsed="0.000015"/>
</kw>
<kw name="Page Should Contain Element" owner="SeleniumLibrary">
<arg>//div[text()="Sauce Labs Backpack"]</arg>
<doc>Verifies that element ``locator`` is found on the current page.</doc>
<status status="NOT RUN" start="2025-04-03T15:42:25.669430" elapsed="0.000015"/>
</kw>
<tag>add_basket</tag>
<status status="FAIL" start="2025-04-03T15:42:18.856013" elapsed="6.813550">InvalidSessionIdException: Message: invalid session id: session deleted as the browser has closed the connection
from disconnected: not connected to DevTools
  (Session info: chrome=134.0.6998.178)
Stacktrace:
	GetHandleVerifier [0x00007FF67F174C25+3179557]
	(No symbol) [0x00007FF67EDD88A0]
	(No symbol) [0x00007FF67EC691CA]
	(No symbol) [0x00007FF67EC54F85]
	(No symbol) [0x00007FF67EC79F94]
	(No symbol) [0x00007FF67ECEF9DF]
	(No symbol) [0x00007FF67ED0FBE2]
	(No symbol) [0x00007FF67ECE7A03]
	(No symbol) [0x00007FF67ECB06D0]
	(No symbol) [0x00007FF67ECB1983]
	GetHandleVerifier [0x00007FF67F1D67CD+3579853]
	GetHandleVerifier [0x00007FF67F1ED1D2+3672530]
	GetHandleVerifier [0x00007FF67F1E2153+3627347]
	GetHandleVerifier [0x00007FF67EF4092A+868650]
	(No symbol) [0x00007FF67EDE2FFF]
	(No symbol) [0x00007FF67EDDF4A4]
	(No symbol) [0x00007FF67EDDF646]
	(No symbol) [0x00007FF67EDCEAA9]
	BaseThreadInitThunk [0x00007FFA8782E8D7+23]
	RtlUserThreadStart [0x00007FFA88C3BF6C+44]
</status>
</test>
<test id="s1-t3" name="Delete a product from the basket" line="86">
<kw name="Open App">
<kw name="Open Browser" owner="SeleniumLibrary">
<msg time="2025-04-03T15:42:25.670521" level="INFO">Opening browser 'chrome' to base url 'https://www.saucedemo.com/'.</msg>
<arg>https://www.saucedemo.com/</arg>
<arg>chrome</arg>
<arg>options=add_argument("--start-maximized")</arg>
<doc>Opens a new browser instance to the optional ``url``.</doc>
<status status="PASS" start="2025-04-03T15:42:25.670421" elapsed="1.577604"/>
</kw>
<kw name="Input Text" owner="SeleniumLibrary">
<msg time="2025-04-03T15:42:27.248268" level="INFO">Typing text 'standard_user' into text field 'xpath://input[@data-test="username"]'.</msg>
<arg>xpath://input[@data-test="username"]</arg>
<arg>${login}</arg>
<doc>Types the given ``text`` into the text field identified by ``locator``.</doc>
<status status="PASS" start="2025-04-03T15:42:27.248134" elapsed="0.080547"/>
</kw>
<kw name="Input Text" owner="SeleniumLibrary">
<msg time="2025-04-03T15:42:27.328929" level="INFO">Typing text 'secret_sauce' into text field 'xpath://input[@data-test="password"]'.</msg>
<arg>xpath://input[@data-test="password"]</arg>
<arg>${password}</arg>
<doc>Types the given ``text`` into the text field identified by ``locator``.</doc>
<status status="PASS" start="2025-04-03T15:42:27.328791" elapsed="0.051846"/>
</kw>
<kw name="Click Button" owner="SeleniumLibrary">
<msg time="2025-04-03T15:42:27.380853" level="INFO">Clicking button 'xpath://input[@id="login-button"]'.</msg>
<arg>xpath://input[@id="login-button"]</arg>
<doc>Clicks the button identified by ``locator``.</doc>
<status status="PASS" start="2025-04-03T15:42:27.380744" elapsed="0.067286"/>
</kw>
<kw name="Sleep" owner="BuiltIn">
<msg time="2025-04-03T15:42:32.448775" level="INFO">Slept 5 seconds.</msg>
<arg>5</arg>
<doc>Pauses the test executed for the given time.</doc>
<status status="PASS" start="2025-04-03T15:42:27.448174" elapsed="5.000673"/>
</kw>
<kw name="Page Should Contain Element" owner="SeleniumLibrary">
<msg time="2025-04-03T15:42:32.493395" level="WARN">Keyword 'Capture Page Screenshot' could not be run on failure: Message: invalid session id
Stacktrace:
	GetHandleVerifier [0x00007FF67F174C25+3179557]
	(No symbol) [0x00007FF67EDD88A0]
	(No symbol) [0x00007FF67EC68FFC]
	(No symbol) [0x00007FF67ECAF8DF]
	(No symbol) [0x00007FF67ECE7AF2]
	(No symbol) [0x00007FF67ECE244E]
	(No symbol) [0x00007FF67ECE14F9]
	(No symbol) [0x00007FF67EC355E5]
	GetHandleVerifier [0x00007FF67F1D67CD+3579853]
	GetHandleVerifier [0x00007FF67F1ED1D2+3672530]
	GetHandleVerifier [0x00007FF67F1E2153+3627347]
	GetHandleVerifier [0x00007FF67EF4092A+868650]
	(No symbol) [0x00007FF67EDE2FFF]
	(No symbol) [0x00007FF67EC341FF]
	GetHandleVerifier [0x00007FF67F25FA28+4141608]
	BaseThreadInitThunk [0x00007FFA8782E8D7+23]
	RtlUserThreadStart [0x00007FFA88C3BF6C+44]
</msg>
<msg time="2025-04-03T15:42:32.493813" level="FAIL">InvalidSessionIdException: Message: invalid session id: session deleted as the browser has closed the connection
from disconnected: not connected to DevTools
  (Session info: chrome=134.0.6998.178)
Stacktrace:
	GetHandleVerifier [0x00007FF67F174C25+3179557]
	(No symbol) [0x00007FF67EDD88A0]
	(No symbol) [0x00007FF67EC691CA]
	(No symbol) [0x00007FF67EC54F85]
	(No symbol) [0x00007FF67EC79F94]
	(No symbol) [0x00007FF67ECEF9DF]
	(No symbol) [0x00007FF67ED0FBE2]
	(No symbol) [0x00007FF67ECE7A03]
	(No symbol) [0x00007FF67ECB06D0]
	(No symbol) [0x00007FF67ECB1983]
	GetHandleVerifier [0x00007FF67F1D67CD+3579853]
	GetHandleVerifier [0x00007FF67F1ED1D2+3672530]
	GetHandleVerifier [0x00007FF67F1E2153+3627347]
	GetHandleVerifier [0x00007FF67EF4092A+868650]
	(No symbol) [0x00007FF67EDE2FFF]
	(No symbol) [0x00007FF67EDDF4A4]
	(No symbol) [0x00007FF67EDDF646]
	(No symbol) [0x00007FF67EDCEAA9]
	BaseThreadInitThunk [0x00007FFA8782E8D7+23]
	RtlUserThreadStart [0x00007FFA88C3BF6C+44]
</msg>
<arg>//div[text()="Swag Labs"]</arg>
<doc>Verifies that element ``locator`` is found on the current page.</doc>
<status status="FAIL" start="2025-04-03T15:42:32.448951" elapsed="0.045815">InvalidSessionIdException: Message: invalid session id: session deleted as the browser has closed the connection
from disconnected: not connected to DevTools
  (Session info: chrome=134.0.6998.178)
Stacktrace:
	GetHandleVerifier [0x00007FF67F174C25+3179557]
	(No symbol) [0x00007FF67EDD88A0]
	(No symbol) [0x00007FF67EC691CA]
	(No symbol) [0x00007FF67EC54F85]
	(No symbol) [0x00007FF67EC79F94]
	(No symbol) [0x00007FF67ECEF9DF]
	(No symbol) [0x00007FF67ED0FBE2]
	(No symbol) [0x00007FF67ECE7A03]
	(No symbol) [0x00007FF67ECB06D0]
	(No symbol) [0x00007FF67ECB1983]
	GetHandleVerifier [0x00007FF67F1D67CD+3579853]
	GetHandleVerifier [0x00007FF67F1ED1D2+3672530]
	GetHandleVerifier [0x00007FF67F1E2153+3627347]
	GetHandleVerifier [0x00007FF67EF4092A+868650]
	(No symbol) [0x00007FF67EDE2FFF]
	(No symbol) [0x00007FF67EDDF4A4]
	(No symbol) [0x00007FF67EDDF646]
	(No symbol) [0x00007FF67EDCEAA9]
	BaseThreadInitThunk [0x00007FFA8782E8D7+23]
	RtlUserThreadStart [0x00007FFA88C3BF6C+44]
</status>
</kw>
<kw name="Capture Page Screenshot" owner="SeleniumLibrary">
<doc>Takes a screenshot of the current page and embeds it into a log file.</doc>
<status status="NOT RUN" start="2025-04-03T15:42:32.494927" elapsed="0.000024"/>
</kw>
<status status="FAIL" start="2025-04-03T15:42:25.670273" elapsed="6.824756">InvalidSessionIdException: Message: invalid session id: session deleted as the browser has closed the connection
from disconnected: not connected to DevTools
  (Session info: chrome=134.0.6998.178)
Stacktrace:
	GetHandleVerifier [0x00007FF67F174C25+3179557]
	(No symbol) [0x00007FF67EDD88A0]
	(No symbol) [0x00007FF67EC691CA]
	(No symbol) [0x00007FF67EC54F85]
	(No symbol) [0x00007FF67EC79F94]
	(No symbol) [0x00007FF67ECEF9DF]
	(No symbol) [0x00007FF67ED0FBE2]
	(No symbol) [0x00007FF67ECE7A03]
	(No symbol) [0x00007FF67ECB06D0]
	(No symbol) [0x00007FF67ECB1983]
	GetHandleVerifier [0x00007FF67F1D67CD+3579853]
	GetHandleVerifier [0x00007FF67F1ED1D2+3672530]
	GetHandleVerifier [0x00007FF67F1E2153+3627347]
	GetHandleVerifier [0x00007FF67EF4092A+868650]
	(No symbol) [0x00007FF67EDE2FFF]
	(No symbol) [0x00007FF67EDDF4A4]
	(No symbol) [0x00007FF67EDDF646]
	(No symbol) [0x00007FF67EDCEAA9]
	BaseThreadInitThunk [0x00007FFA8782E8D7+23]
	RtlUserThreadStart [0x00007FFA88C3BF6C+44]
</status>
</kw>
<kw name="Click Button" owner="SeleniumLibrary">
<arg>//button[@id="add-to-cart-sauce-labs-backpack"]</arg>
<doc>Clicks the button identified by ``locator``.</doc>
<status status="NOT RUN" start="2025-04-03T15:42:32.495175" elapsed="0.000023"/>
</kw>
<kw name="Click Button" owner="SeleniumLibrary">
<arg>//button[@id="add-to-cart-sauce-labs-bike-light"]</arg>
<doc>Clicks the button identified by ``locator``.</doc>
<status status="NOT RUN" start="2025-04-03T15:42:32.495284" elapsed="0.000014"/>
</kw>
<kw name="Click Link" owner="SeleniumLibrary">
<arg>//a[@data-test="shopping-cart-link"]</arg>
<doc>Clicks a link identified by ``locator``.</doc>
<status status="NOT RUN" start="2025-04-03T15:42:32.495374" elapsed="0.000013"/>
</kw>
<kw name="Run Keyword And Return Status" owner="BuiltIn">
<var>${existe_item}</var>
<arg>Page Should Contain Element</arg>
<arg>xpath=//div[@data-test="inventory-item"]</arg>
<doc>Runs the given keyword with given arguments and returns the status as a Boolean value.</doc>
<status status="NOT RUN" start="2025-04-03T15:42:32.495499" elapsed="0.000020"/>
</kw>
<while condition="${existe_item}">
<iter>
<kw name="Click Element" owner="SeleniumLibrary">
<arg>//div[@data-test="inventory-item"][1]//button</arg>
<doc>Click the element identified by ``locator``.</doc>
<status status="NOT RUN" start="2025-04-03T15:42:32.495737" elapsed="0.000016"/>
</kw>
<kw name="Run Keyword And Return Status" owner="BuiltIn">
<var>${existe_item}</var>
<arg>Page Should Contain Element</arg>
<arg>xpath=//div[@data-test="inventory-item"]</arg>
<doc>Runs the given keyword with given arguments and returns the status as a Boolean value.</doc>
<status status="NOT RUN" start="2025-04-03T15:42:32.495813" elapsed="0.000016"/>
</kw>
<status status="NOT RUN" start="2025-04-03T15:42:32.495616" elapsed="0.000238"/>
</iter>
<status status="NOT RUN" start="2025-04-03T15:42:32.495614" elapsed="0.000259"/>
</while>
<tag>delete_basket</tag>
<status status="FAIL" start="2025-04-03T15:42:25.670039" elapsed="6.825972">InvalidSessionIdException: Message: invalid session id: session deleted as the browser has closed the connection
from disconnected: not connected to DevTools
  (Session info: chrome=134.0.6998.178)
Stacktrace:
	GetHandleVerifier [0x00007FF67F174C25+3179557]
	(No symbol) [0x00007FF67EDD88A0]
	(No symbol) [0x00007FF67EC691CA]
	(No symbol) [0x00007FF67EC54F85]
	(No symbol) [0x00007FF67EC79F94]
	(No symbol) [0x00007FF67ECEF9DF]
	(No symbol) [0x00007FF67ED0FBE2]
	(No symbol) [0x00007FF67ECE7A03]
	(No symbol) [0x00007FF67ECB06D0]
	(No symbol) [0x00007FF67ECB1983]
	GetHandleVerifier [0x00007FF67F1D67CD+3579853]
	GetHandleVerifier [0x00007FF67F1ED1D2+3672530]
	GetHandleVerifier [0x00007FF67F1E2153+3627347]
	GetHandleVerifier [0x00007FF67EF4092A+868650]
	(No symbol) [0x00007FF67EDE2FFF]
	(No symbol) [0x00007FF67EDDF4A4]
	(No symbol) [0x00007FF67EDDF646]
	(No symbol) [0x00007FF67EDCEAA9]
	BaseThreadInitThunk [0x00007FFA8782E8D7+23]
	RtlUserThreadStart [0x00007FFA88C3BF6C+44]
</status>
</test>
<test id="s1-t4" name="Validate if the basket is empty" line="101">
<kw name="Open App">
<kw name="Open Browser" owner="SeleniumLibrary">
<msg time="2025-04-03T15:42:32.497247" level="INFO">Opening browser 'chrome' to base url 'https://www.saucedemo.com/'.</msg>
<arg>https://www.saucedemo.com/</arg>
<arg>chrome</arg>
<arg>options=add_argument("--start-maximized")</arg>
<doc>Opens a new browser instance to the optional ``url``.</doc>
<status status="PASS" start="2025-04-03T15:42:32.497139" elapsed="1.530816"/>
</kw>
<kw name="Input Text" owner="SeleniumLibrary">
<msg time="2025-04-03T15:42:34.028199" level="INFO">Typing text 'standard_user' into text field 'xpath://input[@data-test="username"]'.</msg>
<arg>xpath://input[@data-test="username"]</arg>
<arg>${login}</arg>
<doc>Types the given ``text`` into the text field identified by ``locator``.</doc>
<status status="PASS" start="2025-04-03T15:42:34.028063" elapsed="0.090930"/>
</kw>
<kw name="Input Text" owner="SeleniumLibrary">
<msg time="2025-04-03T15:42:34.119441" level="INFO">Typing text 'secret_sauce' into text field 'xpath://input[@data-test="password"]'.</msg>
<arg>xpath://input[@data-test="password"]</arg>
<arg>${password}</arg>
<doc>Types the given ``text`` into the text field identified by ``locator``.</doc>
<status status="PASS" start="2025-04-03T15:42:34.119192" elapsed="0.050795"/>
</kw>
<kw name="Click Button" owner="SeleniumLibrary">
<msg time="2025-04-03T15:42:34.170230" level="INFO">Clicking button 'xpath://input[@id="login-button"]'.</msg>
<arg>xpath://input[@id="login-button"]</arg>
<doc>Clicks the button identified by ``locator``.</doc>
<status status="PASS" start="2025-04-03T15:42:34.170109" elapsed="0.085598"/>
</kw>
<kw name="Sleep" owner="BuiltIn">
<msg time="2025-04-03T15:42:39.256216" level="INFO">Slept 5 seconds.</msg>
<arg>5</arg>
<doc>Pauses the test executed for the given time.</doc>
<status status="PASS" start="2025-04-03T15:42:34.255823" elapsed="5.000466"/>
</kw>
<kw name="Page Should Contain Element" owner="SeleniumLibrary">
<msg time="2025-04-03T15:42:39.265126" level="INFO">Current page contains element '//div[text()="Swag Labs"]'.</msg>
<arg>//div[text()="Swag Labs"]</arg>
<doc>Verifies that element ``locator`` is found on the current page.</doc>
<status status="PASS" start="2025-04-03T15:42:39.256393" elapsed="0.008794"/>
</kw>
<kw name="Capture Page Screenshot" owner="SeleniumLibrary">
<msg time="2025-04-03T15:42:39.397507" level="INFO" html="true">&lt;/td&gt;&lt;/tr&gt;&lt;tr&gt;&lt;td colspan="3"&gt;&lt;a href="selenium-screenshot-5.png"&gt;&lt;img src="selenium-screenshot-5.png" width="800px"&gt;&lt;/a&gt;</msg>
<doc>Takes a screenshot of the current page and embeds it into a log file.</doc>
<status status="PASS" start="2025-04-03T15:42:39.265282" elapsed="0.132290"/>
</kw>
<status status="PASS" start="2025-04-03T15:42:32.496711" elapsed="6.900917"/>
</kw>
<kw name="Click Link" owner="SeleniumLibrary">
<msg time="2025-04-03T15:42:39.397911" level="INFO">Clicking link '//a[@data-test="shopping-cart-link"]'.</msg>
<arg>//a[@data-test="shopping-cart-link"]</arg>
<doc>Clicks a link identified by ``locator``.</doc>
<status status="PASS" start="2025-04-03T15:42:39.397789" elapsed="0.051276"/>
</kw>
<kw name="Page Should Not Contain Element" owner="SeleniumLibrary">
<msg time="2025-04-03T15:42:39.456638" level="INFO">Current page does not contain element '//div[@data-test="inventory-item"]'.</msg>
<arg>//div[@data-test="inventory-item"]</arg>
<doc>Verifies that element ``locator`` is not found on the current page.</doc>
<status status="PASS" start="2025-04-03T15:42:39.449243" elapsed="0.007454"/>
</kw>
<tag>existe_item</tag>
<status status="PASS" start="2025-04-03T15:42:32.496478" elapsed="6.960361"/>
</test>
<doc>Pontos a considerar na resolução do desafio
Apagar as linhas nos testes que tem escrito "No operation"
Documentação da biblioteca do Selenium: https://robotframework.org/SeleniumLibrary/SeleniumLibrary.html#Input%20Text"
Keywords que podems ser usadas: Input Text / Select Checkbox / Select From List By Index / Select From List By Label
                                Select From List By Value / Click Button / Click Element / Click Link / Choose File
                                Element Should Be Visible / Element Should Contain / Element Text Should Be</doc>
<status status="FAIL" start="2025-04-03T15:42:15.077707" elapsed="24.379661"/>
</suite>
<statistics>
<total>
<stat pass="1" fail="3" skip="0">All Tests</stat>
</total>
<tag>
<stat pass="0" fail="1" skip="0">add_basket</stat>
<stat pass="0" fail="1" skip="0">delete_basket</stat>
<stat pass="1" fail="0" skip="0">existe_item</stat>
<stat pass="0" fail="1" skip="0">form</stat>
</tag>
<suite>
<stat name="miniProject" id="s1" pass="1" fail="3" skip="0">miniProject</stat>
</suite>
</statistics>
<errors>
<msg time="2025-04-03T15:42:25.651059" level="WARN">Keyword 'Capture Page Screenshot' could not be run on failure: Message: invalid session id
Stacktrace:
	GetHandleVerifier [0x00007FF67F174C25+3179557]
	(No symbol) [0x00007FF67EDD88A0]
	(No symbol) [0x00007FF67EC68FFC]
	(No symbol) [0x00007FF67ECAF8DF]
	(No symbol) [0x00007FF67ECE7AF2]
	(No symbol) [0x00007FF67ECE244E]
	(No symbol) [0x00007FF67ECE14F9]
	(No symbol) [0x00007FF67EC355E5]
	GetHandleVerifier [0x00007FF67F1D67CD+3579853]
	GetHandleVerifier [0x00007FF67F1ED1D2+3672530]
	GetHandleVerifier [0x00007FF67F1E2153+3627347]
	GetHandleVerifier [0x00007FF67EF4092A+868650]
	(No symbol) [0x00007FF67EDE2FFF]
	(No symbol) [0x00007FF67EC341FF]
	GetHandleVerifier [0x00007FF67F25FA28+4141608]
	BaseThreadInitThunk [0x00007FFA8782E8D7+23]
	RtlUserThreadStart [0x00007FFA88C3BF6C+44]
</msg>
<msg time="2025-04-03T15:42:32.493395" level="WARN">Keyword 'Capture Page Screenshot' could not be run on failure: Message: invalid session id
Stacktrace:
	GetHandleVerifier [0x00007FF67F174C25+3179557]
	(No symbol) [0x00007FF67EDD88A0]
	(No symbol) [0x00007FF67EC68FFC]
	(No symbol) [0x00007FF67ECAF8DF]
	(No symbol) [0x00007FF67ECE7AF2]
	(No symbol) [0x00007FF67ECE244E]
	(No symbol) [0x00007FF67ECE14F9]
	(No symbol) [0x00007FF67EC355E5]
	GetHandleVerifier [0x00007FF67F1D67CD+3579853]
	GetHandleVerifier [0x00007FF67F1ED1D2+3672530]
	GetHandleVerifier [0x00007FF67F1E2153+3627347]
	GetHandleVerifier [0x00007FF67EF4092A+868650]
	(No symbol) [0x00007FF67EDE2FFF]
	(No symbol) [0x00007FF67EC341FF]
	GetHandleVerifier [0x00007FF67F25FA28+4141608]
	BaseThreadInitThunk [0x00007FFA8782E8D7+23]
	RtlUserThreadStart [0x00007FFA88C3BF6C+44]
</msg>
</errors>
</robot>
